  neo-fable.cpp
C:\Program Files (x86)\Microsoft Visual Studio\2019\Community\VC\Tools\MSVC\14.20.27508\include\climits : warning C4821: Unable to determine Unicode encoding type, please save the file with signature (BOM)
C:\Program Files (x86)\Microsoft Visual Studio\2019\Community\VC\Tools\MSVC\14.20.27508\include\cerrno : warning C4821: Unable to determine Unicode encoding type, please save the file with signature (BOM)
C:\Program Files (x86)\Microsoft Visual Studio\2019\Community\VC\Tools\MSVC\14.20.27508\include\cfloat : warning C4821: Unable to determine Unicode encoding type, please save the file with signature (BOM)
C:\Program Files (x86)\Microsoft Visual Studio\2019\Community\VC\Tools\MSVC\14.20.27508\include\climits : warning C4821: Unable to determine Unicode encoding type, please save the file with signature (BOM)
C:\Program Files (x86)\Microsoft Visual Studio\2019\Community\VC\Tools\MSVC\14.20.27508\include\limits(135): error C2065: 'FLT_RADIX': undeclared identifier
C:\Program Files (x86)\Microsoft Visual Studio\2019\Community\VC\Tools\MSVC\14.20.27508\include\limits(135): error C2131: expression did not evaluate to a constant
  C:\Program Files (x86)\Microsoft Visual Studio\2019\Community\VC\Tools\MSVC\14.20.27508\include\limits(135): note: a non-constant (sub-)expression was encountered
C:\Program Files (x86)\Microsoft Visual Studio\2019\Community\VC\Tools\MSVC\14.20.27508\include\limits(856): error C2065: 'FLT_MANT_DIG': undeclared identifier
C:\Program Files (x86)\Microsoft Visual Studio\2019\Community\VC\Tools\MSVC\14.20.27508\include\limits(856): error C2131: expression did not evaluate to a constant
  C:\Program Files (x86)\Microsoft Visual Studio\2019\Community\VC\Tools\MSVC\14.20.27508\include\limits(856): note: a non-constant (sub-)expression was encountered
C:\Program Files (x86)\Microsoft Visual Studio\2019\Community\VC\Tools\MSVC\14.20.27508\include\limits(857): error C2065: 'FLT_DIG': undeclared identifier
C:\Program Files (x86)\Microsoft Visual Studio\2019\Community\VC\Tools\MSVC\14.20.27508\include\limits(857): error C2131: expression did not evaluate to a constant
  C:\Program Files (x86)\Microsoft Visual Studio\2019\Community\VC\Tools\MSVC\14.20.27508\include\limits(857): note: a non-constant (sub-)expression was encountered
C:\Program Files (x86)\Microsoft Visual Studio\2019\Community\VC\Tools\MSVC\14.20.27508\include\limits(859): error C2065: 'FLT_MAX_EXP': undeclared identifier
C:\Program Files (x86)\Microsoft Visual Studio\2019\Community\VC\Tools\MSVC\14.20.27508\include\limits(859): error C2131: expression did not evaluate to a constant
  C:\Program Files (x86)\Microsoft Visual Studio\2019\Community\VC\Tools\MSVC\14.20.27508\include\limits(859): note: a non-constant (sub-)expression was encountered
C:\Program Files (x86)\Microsoft Visual Studio\2019\Community\VC\Tools\MSVC\14.20.27508\include\limits(860): error C2065: 'FLT_MAX_10_EXP': undeclared identifier
C:\Program Files (x86)\Microsoft Visual Studio\2019\Community\VC\Tools\MSVC\14.20.27508\include\limits(860): error C2131: expression did not evaluate to a constant
  C:\Program Files (x86)\Microsoft Visual Studio\2019\Community\VC\Tools\MSVC\14.20.27508\include\limits(860): note: a non-constant (sub-)expression was encountered
C:\Program Files (x86)\Microsoft Visual Studio\2019\Community\VC\Tools\MSVC\14.20.27508\include\limits(861): error C2065: 'FLT_MIN_EXP': undeclared identifier
C:\Program Files (x86)\Microsoft Visual Studio\2019\Community\VC\Tools\MSVC\14.20.27508\include\limits(861): error C2131: expression did not evaluate to a constant
  C:\Program Files (x86)\Microsoft Visual Studio\2019\Community\VC\Tools\MSVC\14.20.27508\include\limits(861): note: a non-constant (sub-)expression was encountered
C:\Program Files (x86)\Microsoft Visual Studio\2019\Community\VC\Tools\MSVC\14.20.27508\include\limits(862): error C2065: 'FLT_MIN_10_EXP': undeclared identifier
C:\Program Files (x86)\Microsoft Visual Studio\2019\Community\VC\Tools\MSVC\14.20.27508\include\limits(862): error C2131: expression did not evaluate to a constant
  C:\Program Files (x86)\Microsoft Visual Studio\2019\Community\VC\Tools\MSVC\14.20.27508\include\limits(862): note: a non-constant (sub-)expression was encountered
C:\Program Files (x86)\Microsoft Visual Studio\2019\Community\VC\Tools\MSVC\14.20.27508\include\limits(821): error C2065: 'FLT_MIN': undeclared identifier
C:\Program Files (x86)\Microsoft Visual Studio\2019\Community\VC\Tools\MSVC\14.20.27508\include\limits(820): error C3615: constexpr function 'std::numeric_limits<float>::min' cannot result in a constant expression
  C:\Program Files (x86)\Microsoft Visual Studio\2019\Community\VC\Tools\MSVC\14.20.27508\include\limits(822): note: failure was caused by control reaching the end of a constexpr function
C:\Program Files (x86)\Microsoft Visual Studio\2019\Community\VC\Tools\MSVC\14.20.27508\include\limits(825): error C2065: 'FLT_MAX': undeclared identifier
C:\Program Files (x86)\Microsoft Visual Studio\2019\Community\VC\Tools\MSVC\14.20.27508\include\limits(824): error C3615: constexpr function 'std::numeric_limits<float>::max' cannot result in a constant expression
  C:\Program Files (x86)\Microsoft Visual Studio\2019\Community\VC\Tools\MSVC\14.20.27508\include\limits(826): note: failure was caused by control reaching the end of a constexpr function
C:\Program Files (x86)\Microsoft Visual Studio\2019\Community\VC\Tools\MSVC\14.20.27508\include\limits(833): error C2065: 'FLT_EPSILON': undeclared identifier
C:\Program Files (x86)\Microsoft Visual Studio\2019\Community\VC\Tools\MSVC\14.20.27508\include\limits(832): error C3615: constexpr function 'std::numeric_limits<float>::epsilon' cannot result in a constant expression
  C:\Program Files (x86)\Microsoft Visual Studio\2019\Community\VC\Tools\MSVC\14.20.27508\include\limits(834): note: failure was caused by control reaching the end of a constexpr function
C:\Program Files (x86)\Microsoft Visual Studio\2019\Community\VC\Tools\MSVC\14.20.27508\include\limits(841): error C2065: 'FLT_TRUE_MIN': undeclared identifier
C:\Program Files (x86)\Microsoft Visual Studio\2019\Community\VC\Tools\MSVC\14.20.27508\include\limits(840): error C3615: constexpr function 'std::numeric_limits<float>::denorm_min' cannot result in a constant expression
  C:\Program Files (x86)\Microsoft Visual Studio\2019\Community\VC\Tools\MSVC\14.20.27508\include\limits(842): note: failure was caused by control reaching the end of a constexpr function
C:\Program Files (x86)\Microsoft Visual Studio\2019\Community\VC\Tools\MSVC\14.20.27508\include\limits(905): error C2065: 'DBL_MANT_DIG': undeclared identifier
C:\Program Files (x86)\Microsoft Visual Studio\2019\Community\VC\Tools\MSVC\14.20.27508\include\limits(905): error C2131: expression did not evaluate to a constant
  C:\Program Files (x86)\Microsoft Visual Studio\2019\Community\VC\Tools\MSVC\14.20.27508\include\limits(905): note: a non-constant (sub-)expression was encountered
C:\Program Files (x86)\Microsoft Visual Studio\2019\Community\VC\Tools\MSVC\14.20.27508\include\limits(906): error C2065: 'DBL_DIG': undeclared identifier
C:\Program Files (x86)\Microsoft Visual Studio\2019\Community\VC\Tools\MSVC\14.20.27508\include\limits(906): error C2131: expression did not evaluate to a constant
  C:\Program Files (x86)\Microsoft Visual Studio\2019\Community\VC\Tools\MSVC\14.20.27508\include\limits(906): note: a non-constant (sub-)expression was encountered
C:\Program Files (x86)\Microsoft Visual Studio\2019\Community\VC\Tools\MSVC\14.20.27508\include\limits(908): error C2065: 'DBL_MAX_EXP': undeclared identifier
C:\Program Files (x86)\Microsoft Visual Studio\2019\Community\VC\Tools\MSVC\14.20.27508\include\limits(908): error C2131: expression did not evaluate to a constant
  C:\Program Files (x86)\Microsoft Visual Studio\2019\Community\VC\Tools\MSVC\14.20.27508\include\limits(908): note: a non-constant (sub-)expression was encountered
C:\Program Files (x86)\Microsoft Visual Studio\2019\Community\VC\Tools\MSVC\14.20.27508\include\limits(909): error C2065: 'DBL_MAX_10_EXP': undeclared identifier
C:\Program Files (x86)\Microsoft Visual Studio\2019\Community\VC\Tools\MSVC\14.20.27508\include\limits(909): error C2131: expression did not evaluate to a constant
  C:\Program Files (x86)\Microsoft Visual Studio\2019\Community\VC\Tools\MSVC\14.20.27508\include\limits(909): note: a non-constant (sub-)expression was encountered
C:\Program Files (x86)\Microsoft Visual Studio\2019\Community\VC\Tools\MSVC\14.20.27508\include\limits(910): error C2065: 'DBL_MIN_EXP': undeclared identifier
C:\Program Files (x86)\Microsoft Visual Studio\2019\Community\VC\Tools\MSVC\14.20.27508\include\limits(910): error C2131: expression did not evaluate to a constant
  C:\Program Files (x86)\Microsoft Visual Studio\2019\Community\VC\Tools\MSVC\14.20.27508\include\limits(910): note: a non-constant (sub-)expression was encountered
C:\Program Files (x86)\Microsoft Visual Studio\2019\Community\VC\Tools\MSVC\14.20.27508\include\limits(911): error C2065: 'DBL_MIN_10_EXP': undeclared identifier
C:\Program Files (x86)\Microsoft Visual Studio\2019\Community\VC\Tools\MSVC\14.20.27508\include\limits(911): error C2131: expression did not evaluate to a constant
  C:\Program Files (x86)\Microsoft Visual Studio\2019\Community\VC\Tools\MSVC\14.20.27508\include\limits(911): note: a non-constant (sub-)expression was encountered
C:\Program Files (x86)\Microsoft Visual Studio\2019\Community\VC\Tools\MSVC\14.20.27508\include\limits(870): error C2065: 'DBL_MIN': undeclared identifier
C:\Program Files (x86)\Microsoft Visual Studio\2019\Community\VC\Tools\MSVC\14.20.27508\include\limits(869): error C3615: constexpr function 'std::numeric_limits<double>::min' cannot result in a constant expression
  C:\Program Files (x86)\Microsoft Visual Studio\2019\Community\VC\Tools\MSVC\14.20.27508\include\limits(871): note: failure was caused by control reaching the end of a constexpr function
C:\Program Files (x86)\Microsoft Visual Studio\2019\Community\VC\Tools\MSVC\14.20.27508\include\limits(874): error C2065: 'DBL_MAX': undeclared identifier
C:\Program Files (x86)\Microsoft Visual Studio\2019\Community\VC\Tools\MSVC\14.20.27508\include\limits(873): error C3615: constexpr function 'std::numeric_limits<double>::max' cannot result in a constant expression
  C:\Program Files (x86)\Microsoft Visual Studio\2019\Community\VC\Tools\MSVC\14.20.27508\include\limits(875): note: failure was caused by control reaching the end of a constexpr function
C:\Program Files (x86)\Microsoft Visual Studio\2019\Community\VC\Tools\MSVC\14.20.27508\include\limits(882): error C2065: 'DBL_EPSILON': undeclared identifier
C:\Program Files (x86)\Microsoft Visual Studio\2019\Community\VC\Tools\MSVC\14.20.27508\include\limits(881): error C3615: constexpr function 'std::numeric_limits<double>::epsilon' cannot result in a constant expression
  C:\Program Files (x86)\Microsoft Visual Studio\2019\Community\VC\Tools\MSVC\14.20.27508\include\limits(883): note: failure was caused by control reaching the end of a constexpr function
C:\Program Files (x86)\Microsoft Visual Studio\2019\Community\VC\Tools\MSVC\14.20.27508\include\limits(890): error C2065: 'DBL_TRUE_MIN': undeclared identifier
C:\Program Files (x86)\Microsoft Visual Studio\2019\Community\VC\Tools\MSVC\14.20.27508\include\limits(889): error C3615: constexpr function 'std::numeric_limits<double>::denorm_min' cannot result in a constant expression
  C:\Program Files (x86)\Microsoft Visual Studio\2019\Community\VC\Tools\MSVC\14.20.27508\include\limits(891): note: failure was caused by control reaching the end of a constexpr function
C:\Program Files (x86)\Microsoft Visual Studio\2019\Community\VC\Tools\MSVC\14.20.27508\include\limits(954): error C2065: 'LDBL_MANT_DIG': undeclared identifier
C:\Program Files (x86)\Microsoft Visual Studio\2019\Community\VC\Tools\MSVC\14.20.27508\include\limits(954): error C2131: expression did not evaluate to a constant
  C:\Program Files (x86)\Microsoft Visual Studio\2019\Community\VC\Tools\MSVC\14.20.27508\include\limits(954): note: a non-constant (sub-)expression was encountered
C:\Program Files (x86)\Microsoft Visual Studio\2019\Community\VC\Tools\MSVC\14.20.27508\include\limits(955): error C2065: 'LDBL_DIG': undeclared identifier
C:\Program Files (x86)\Microsoft Visual Studio\2019\Community\VC\Tools\MSVC\14.20.27508\include\limits(955): error C2131: expression did not evaluate to a constant
  C:\Program Files (x86)\Microsoft Visual Studio\2019\Community\VC\Tools\MSVC\14.20.27508\include\limits(955): note: a non-constant (sub-)expression was encountered
C:\Program Files (x86)\Microsoft Visual Studio\2019\Community\VC\Tools\MSVC\14.20.27508\include\limits(957): error C2065: 'LDBL_MAX_EXP': undeclared identifier
C:\Program Files (x86)\Microsoft Visual Studio\2019\Community\VC\Tools\MSVC\14.20.27508\include\limits(957): error C2131: expression did not evaluate to a constant
  C:\Program Files (x86)\Microsoft Visual Studio\2019\Community\VC\Tools\MSVC\14.20.27508\include\limits(957): note: a non-constant (sub-)expression was encountered
C:\Program Files (x86)\Microsoft Visual Studio\2019\Community\VC\Tools\MSVC\14.20.27508\include\limits(958): error C2065: 'LDBL_MAX_10_EXP': undeclared identifier
C:\Program Files (x86)\Microsoft Visual Studio\2019\Community\VC\Tools\MSVC\14.20.27508\include\limits(958): error C2131: expression did not evaluate to a constant
  C:\Program Files (x86)\Microsoft Visual Studio\2019\Community\VC\Tools\MSVC\14.20.27508\include\limits(958): note: a non-constant (sub-)expression was encountered
C:\Program Files (x86)\Microsoft Visual Studio\2019\Community\VC\Tools\MSVC\14.20.27508\include\limits(959): error C2065: 'LDBL_MIN_EXP': undeclared identifier
C:\Program Files (x86)\Microsoft Visual Studio\2019\Community\VC\Tools\MSVC\14.20.27508\include\limits(959): error C2131: expression did not evaluate to a constant
  C:\Program Files (x86)\Microsoft Visual Studio\2019\Community\VC\Tools\MSVC\14.20.27508\include\limits(959): note: a non-constant (sub-)expression was encountered
C:\Program Files (x86)\Microsoft Visual Studio\2019\Community\VC\Tools\MSVC\14.20.27508\include\limits(960): error C2065: 'LDBL_MIN_10_EXP': undeclared identifier
C:\Program Files (x86)\Microsoft Visual Studio\2019\Community\VC\Tools\MSVC\14.20.27508\include\limits(960): error C2131: expression did not evaluate to a constant
  C:\Program Files (x86)\Microsoft Visual Studio\2019\Community\VC\Tools\MSVC\14.20.27508\include\limits(960): note: a non-constant (sub-)expression was encountered
C:\Program Files (x86)\Microsoft Visual Studio\2019\Community\VC\Tools\MSVC\14.20.27508\include\limits(919): error C2065: 'LDBL_MIN': undeclared identifier
C:\Program Files (x86)\Microsoft Visual Studio\2019\Community\VC\Tools\MSVC\14.20.27508\include\limits(918): error C3615: constexpr function 'std::numeric_limits<long double>::min' cannot result in a constant expression
  C:\Program Files (x86)\Microsoft Visual Studio\2019\Community\VC\Tools\MSVC\14.20.27508\include\limits(920): note: failure was caused by control reaching the end of a constexpr function
C:\Program Files (x86)\Microsoft Visual Studio\2019\Community\VC\Tools\MSVC\14.20.27508\include\limits(923): error C2065: 'LDBL_MAX': undeclared identifier
C:\Program Files (x86)\Microsoft Visual Studio\2019\Community\VC\Tools\MSVC\14.20.27508\include\limits(922): error C3615: constexpr function 'std::numeric_limits<long double>::max' cannot result in a constant expression
  C:\Program Files (x86)\Microsoft Visual Studio\2019\Community\VC\Tools\MSVC\14.20.27508\include\limits(924): note: failure was caused by control reaching the end of a constexpr function
C:\Program Files (x86)\Microsoft Visual Studio\2019\Community\VC\Tools\MSVC\14.20.27508\include\limits(931): error C2065: 'LDBL_EPSILON': undeclared identifier
C:\Program Files (x86)\Microsoft Visual Studio\2019\Community\VC\Tools\MSVC\14.20.27508\include\limits(930): error C3615: constexpr function 'std::numeric_limits<long double>::epsilon' cannot result in a constant expression
  C:\Program Files (x86)\Microsoft Visual Studio\2019\Community\VC\Tools\MSVC\14.20.27508\include\limits(932): note: failure was caused by control reaching the end of a constexpr function
C:\Program Files (x86)\Microsoft Visual Studio\2019\Community\VC\Tools\MSVC\14.20.27508\include\limits(939): error C2065: 'LDBL_TRUE_MIN': undeclared identifier
C:\Program Files (x86)\Microsoft Visual Studio\2019\Community\VC\Tools\MSVC\14.20.27508\include\limits(938): error C3615: constexpr function 'std::numeric_limits<long double>::denorm_min' cannot result in a constant expression
  C:\Program Files (x86)\Microsoft Visual Studio\2019\Community\VC\Tools\MSVC\14.20.27508\include\limits(940): note: failure was caused by control reaching the end of a constexpr function
C:\Program Files (x86)\Microsoft Visual Studio\2019\Community\VC\Tools\MSVC\14.20.27508\include\climits : warning C4821: Unable to determine Unicode encoding type, please save the file with signature (BOM)
C:\Program Files (x86)\Microsoft Visual Studio\2019\Community\VC\Tools\MSVC\14.20.27508\include\climits : warning C4821: Unable to determine Unicode encoding type, please save the file with signature (BOM)
